Resolving Package Graph
Resolved source packages
SFSymbolsPicker - https://github.com/alessiorubicini/SFSymbolsPicker @ 1.0.6
AudioKit - https://github.com/AudioKit/AudioKit.git @ 5.6.4
SwiftWhisper - https://github.com/exPHAT/SwiftWhisper.git @ 1.2.0
swift-syntax - https://github.com/swiftlang/swift-syntax.git @ 600.0.1
[!]  --- xcodebuild: Using the first of multiple matching destinations:
{ platform:iOS Simulator, id:1FAA29AD-CC33-48B1-B8E2-26067595FDC2, OS:18.2, name:iPhone 16 Pro }
{ platform:iOS Simulator, id:1FAA29AD-CC33-48B1-B8E2-26067595FDC2, OS:18.2, name:iPhone 16 Pro }
Clean Succeeded
[!]  --- xcodebuild: Using the first of multiple matching destinations:
{ platform:iOS Simulator, id:1FAA29AD-CC33-48B1-B8E2-26067595FDC2, OS:18.2, name:iPhone 16 Pro }
{ platform:iOS Simulator, id:1FAA29AD-CC33-48B1-B8E2-26067595FDC2, OS:18.2, name:iPhone 16 Pro }
[AudioKit_AudioKit] Write Auxiliary File AudioKit_AudioKit.DependencyMetadataFileList
[AudioKit_AudioKit] Write Auxiliary File empty-AudioKit_AudioKit.plist
[whisper_cpp] Write Auxiliary File whisper_cpp.DependencyMetadataFileList
[whisper_cpp] Write Auxiliary File whisper_cpp.modulemap
[whisper_cpp] Write Auxiliary File af3fcb34312c57c0f52879cdce924b91-common-args.resp
[whisper_cpp] Write Auxiliary File 82b82416624d2658e5098eb0a28c15c5-common-args.resp
[whisper_cpp] Write Auxiliary File whisper_cpp.LinkFileList
[wispr] Write Auxiliary File wispr.hmap
[wispr] Write Auxiliary File wispr-project-headers.hmap
[wispr] Write Auxiliary File wispr.DependencyMetadataFileList
[wispr] Write Auxiliary File wispr-own-target-headers.hmap
[wispr] Write Auxiliary File wispr-generated-files.hmap
[wispr] Write Auxiliary File wispr-all-target-headers.hmap
[wispr] Write Auxiliary File wispr-all-non-framework-target-headers.hmap
[wispr] Write Auxiliary File wispr-DebugDylibPath-normal-arm64.txt
[wispr] Write Auxiliary File wispr-DebugDylibInstallName-normal-arm64.txt
[wispr] Write Auxiliary File wispr_const_extract_protocols.json
[wispr] Write Auxiliary File wispr.SwiftFileList
[wispr] Write Auxiliary File wispr.SwiftConstValuesFileList
[wispr] Write Auxiliary File wispr.LinkFileList
[wispr] Write Auxiliary File wispr-OutputFileMap.json
[wispr] Write Auxiliary File Entitlements-Simulated.plist
[whisper_cpp] Write Auxiliary File e6072d4f65d7061329687fe24e3d63a7-common-args.resp
[whisper_cpp] Write Auxiliary File 7187679823f38a2a940e0043cdf9d637-common-args.resp
[daydetaiilsExtension] Write Auxiliary File daydetaiilsExtension.hmap
[daydetaiilsExtension] Write Auxiliary File daydetaiilsExtension.DependencyMetadataFileList
[daydetaiilsExtension] Write Auxiliary File daydetaiilsExtension-project-headers.hmap
[daydetaiilsExtension] Write Auxiliary File daydetaiilsExtension-own-target-headers.hmap
[daydetaiilsExtension] Write Auxiliary File daydetaiilsExtension-generated-files.hmap
[daydetaiilsExtension] Write Auxiliary File daydetaiilsExtension-all-target-headers.hmap
[daydetaiilsExtension] Write Auxiliary File daydetaiilsExtension-all-non-framework-target-headers.hmap
[daydetaiilsExtension] Write Auxiliary File daydetaiilsExtension-DebugEntryPoint-normal-arm64.txt
[daydetaiilsExtension] Write Auxiliary File daydetaiilsExtension-DebugDylibPath-normal-arm64.txt
[daydetaiilsExtension] Write Auxiliary File daydetaiilsExtension-DebugDylibInstallName-normal-arm64.txt
[daydetaiilsExtension] Write Auxiliary File daydetaiilsExtension_const_extract_protocols.json
[daydetaiilsExtension] Write Auxiliary File daydetaiilsExtension.SwiftFileList
[daydetaiilsExtension] Write Auxiliary File daydetaiilsExtension.SwiftConstValuesFileList
[daydetaiilsExtension] Write Auxiliary File daydetaiilsExtension.LinkFileList
[daydetaiilsExtension] Write Auxiliary File daydetaiilsExtension-OutputFileMap.json
[daydetaiilsExtension] Write Auxiliary File Entitlements-Simulated.plist
[_SwiftSyntaxCShims] Write Auxiliary File _SwiftSyntaxCShims.DependencyMetadataFileList
[_SwiftSyntaxCShims] Write Auxiliary File _SwiftSyntaxCShims.LinkFileList
[_SwiftSyntaxCShims] Write Auxiliary File 7187679823f38a2a940e0043cdf9d637-common-args.resp
[_SwiftSyntaxCShims] Write Auxiliary File _SwiftSyntaxCShims.LinkFileList
[_SwiftSyntaxCShims] Write Auxiliary File 7187679823f38a2a940e0043cdf9d637-common-args.resp
[SwiftWhisper] Write Auxiliary File SwiftWhisper.modulemap
[SwiftWhisper] Write Auxiliary File SwiftWhisper.DependencyMetadataFileList
[SwiftWhisper] Write Auxiliary File SwiftWhisper_const_extract_protocols.json
[SwiftWhisper] Write Auxiliary File SwiftWhisper.SwiftFileList
[SwiftWhisper] Write Auxiliary File SwiftWhisper.LinkFileList
[SwiftWhisper] Write Auxiliary File SwiftWhisper-OutputFileMap.json
[SwiftSyntaxMacros] Write Auxiliary File SwiftSyntaxMacros.DependencyMetadataFileList
[SwiftSyntaxMacros] Write Auxiliary File SwiftSyntaxMacros.modulemap
[SwiftSyntaxMacros] Write Auxiliary File SwiftSyntaxMacros_const_extract_protocols.json
[SwiftSyntaxMacros] Write Auxiliary File SwiftSyntaxMacros.SwiftFileList
[SwiftSyntaxMacros] Write Auxiliary File SwiftSyntaxMacros.LinkFileList
[SwiftSyntaxMacros] Write Auxiliary File SwiftSyntaxMacros-OutputFileMap.json
[SwiftSyntaxMacros] Write Auxiliary File SwiftSyntaxMacros_const_extract_protocols.json
[SwiftSyntaxMacros] Write Auxiliary File SwiftSyntaxMacros.SwiftFileList
[SwiftSyntaxMacros] Write Auxiliary File SwiftSyntaxMacros.LinkFileList
[SwiftSyntaxMacros] Write Auxiliary File SwiftSyntaxMacros-OutputFileMap.json
[SwiftSyntaxMacroExpansion] Write Auxiliary File SwiftSyntaxMacroExpansion.modulemap
[SwiftSyntaxMacroExpansion] Write Auxiliary File SwiftSyntaxMacroExpansion.DependencyMetadataFileList
[SwiftSyntaxMacroExpansion] Write Auxiliary File SwiftSyntaxMacroExpansion_const_extract_protocols.json
[SwiftSyntaxMacroExpansion] Write Auxiliary File SwiftSyntaxMacroExpansion.SwiftFileList
[SwiftSyntaxMacroExpansion] Write Auxiliary File SwiftSyntaxMacroExpansion.LinkFileList
[SwiftSyntaxMacroExpansion] Write Auxiliary File SwiftSyntaxMacroExpansion-OutputFileMap.json
[SwiftSyntaxMacroExpansion] Write Auxiliary File SwiftSyntaxMacroExpansion_const_extract_protocols.json
[SwiftSyntaxMacroExpansion] Write Auxiliary File SwiftSyntaxMacroExpansion.SwiftFileList
[SwiftSyntaxMacroExpansion] Write Auxiliary File SwiftSyntaxMacroExpansion.LinkFileList
[SwiftSyntaxMacroExpansion] Write Auxiliary File SwiftSyntaxMacroExpansion-OutputFileMap.json
[SwiftSyntaxBuilder] Write Auxiliary File SwiftSyntaxBuilder.modulemap
[SwiftSyntaxBuilder] Write Auxiliary File SwiftSyntaxBuilder.DependencyMetadataFileList
[SwiftSyntaxBuilder] Write Auxiliary File SwiftSyntaxBuilder_const_extract_protocols.json
[SwiftSyntaxBuilder] Write Auxiliary File SwiftSyntaxBuilder.SwiftFileList
[SwiftSyntaxBuilder] Write Auxiliary File SwiftSyntaxBuilder.LinkFileList
[SwiftSyntaxBuilder] Write Auxiliary File SwiftSyntaxBuilder-OutputFileMap.json
[SwiftSyntaxBuilder] Write Auxiliary File SwiftSyntaxBuilder_const_extract_protocols.json
[SwiftSyntaxBuilder] Write Auxiliary File SwiftSyntaxBuilder.SwiftFileList
[SwiftSyntaxBuilder] Write Auxiliary File SwiftSyntaxBuilder.LinkFileList
[SwiftSyntaxBuilder] Write Auxiliary File SwiftSyntaxBuilder-OutputFileMap.json
[SwiftSyntax600] Write Auxiliary File SwiftSyntax600.modulemap
[SwiftSyntax600] Write Auxiliary File SwiftSyntax600.DependencyMetadataFileList
[SwiftSyntax600] Write Auxiliary File SwiftSyntax600_const_extract_protocols.json
[SwiftSyntax600] Write Auxiliary File SwiftSyntax600.SwiftFileList
[SwiftSyntax600] Write Auxiliary File SwiftSyntax600.LinkFileList
[SwiftSyntax600] Write Auxiliary File SwiftSyntax600-OutputFileMap.json
[SwiftSyntax600] Write Auxiliary File SwiftSyntax600.SwiftFileList
[SwiftSyntax600] Write Auxiliary File SwiftSyntax600_const_extract_protocols.json
[SwiftSyntax600] Write Auxiliary File SwiftSyntax600.LinkFileList
[SwiftSyntax600] Write Auxiliary File SwiftSyntax600-OutputFileMap.json
[SwiftSyntax510] Write Auxiliary File SwiftSyntax510.modulemap
[SwiftSyntax510] Write Auxiliary File SwiftSyntax510.DependencyMetadataFileList
[SwiftSyntax510] Write Auxiliary File SwiftSyntax510_const_extract_protocols.json
[SwiftSyntax510] Write Auxiliary File SwiftSyntax510.SwiftFileList
[SwiftSyntax510] Write Auxiliary File SwiftSyntax510.LinkFileList
[SwiftSyntax510] Write Auxiliary File SwiftSyntax510-OutputFileMap.json
[SwiftSyntax510] Write Auxiliary File SwiftSyntax510_const_extract_protocols.json
[SwiftSyntax510] Write Auxiliary File SwiftSyntax510.SwiftFileList
[SwiftSyntax510] Write Auxiliary File SwiftSyntax510.LinkFileList
[SwiftSyntax510] Write Auxiliary File SwiftSyntax510-OutputFileMap.json
[SwiftSyntax509] Write Auxiliary File SwiftSyntax509.modulemap
[SwiftSyntax509] Write Auxiliary File SwiftSyntax509.DependencyMetadataFileList
[SwiftSyntax509] Write Auxiliary File SwiftSyntax509_const_extract_protocols.json
[SwiftSyntax509] Write Auxiliary File SwiftSyntax509.SwiftFileList
[SwiftSyntax509] Write Auxiliary File SwiftSyntax509.LinkFileList
[SwiftSyntax509] Write Auxiliary File SwiftSyntax509-OutputFileMap.json
[SwiftSyntax509] Write Auxiliary File SwiftSyntax509_const_extract_protocols.json
[SwiftSyntax509] Write Auxiliary File SwiftSyntax509.SwiftFileList
[SwiftSyntax509] Write Auxiliary File SwiftSyntax509.LinkFileList
[SwiftSyntax509] Write Auxiliary File SwiftSyntax509-OutputFileMap.json
[SwiftSyntax] Write Auxiliary File SwiftSyntax.modulemap
[SwiftSyntax] Write Auxiliary File SwiftSyntax.DependencyMetadataFileList
[SwiftSyntax] Write Auxiliary File SwiftSyntax_const_extract_protocols.json
[SwiftSyntax] Write Auxiliary File SwiftSyntax.SwiftFileList
[SwiftSyntax] Write Auxiliary File SwiftSyntax.LinkFileList
[SwiftSyntax] Write Auxiliary File SwiftSyntax-OutputFileMap.json
[SwiftSyntax] Write Auxiliary File SwiftSyntax_const_extract_protocols.json
[SwiftSyntax] Write Auxiliary File SwiftSyntax.SwiftFileList
[SwiftSyntax] Write Auxiliary File SwiftSyntax.LinkFileList
[SwiftSyntax] Write Auxiliary File SwiftSyntax-OutputFileMap.json
[SwiftParserDiagnostics] Write Auxiliary File SwiftParserDiagnostics.modulemap
[SwiftParserDiagnostics] Write Auxiliary File SwiftParserDiagnostics.DependencyMetadataFileList
[SwiftParserDiagnostics] Write Auxiliary File SwiftParserDiagnostics_const_extract_protocols.json
[SwiftParserDiagnostics] Write Auxiliary File SwiftParserDiagnostics.SwiftFileList
[SwiftParserDiagnostics] Write Auxiliary File SwiftParserDiagnostics-OutputFileMap.json
[SwiftParserDiagnostics] Write Auxiliary File SwiftParserDiagnostics.LinkFileList
[SwiftParserDiagnostics] Write Auxiliary File SwiftParserDiagnostics_const_extract_protocols.json
[SwiftParserDiagnostics] Write Auxiliary File SwiftParserDiagnostics.SwiftFileList
[SwiftParserDiagnostics] Write Auxiliary File SwiftParserDiagnostics.LinkFileList
[SwiftParserDiagnostics] Write Auxiliary File SwiftParserDiagnostics-OutputFileMap.json
[SwiftParser] Write Auxiliary File SwiftParser.modulemap
[SwiftParser] Write Auxiliary File SwiftParser.DependencyMetadataFileList
[SwiftParser] Write Auxiliary File SwiftParser_const_extract_protocols.json
[SwiftParser] Write Auxiliary File SwiftParser.SwiftFileList
[SwiftParser] Write Auxiliary File SwiftParser.LinkFileList
[SwiftParser] Write Auxiliary File SwiftParser-OutputFileMap.json
[SwiftParser] Write Auxiliary File SwiftParser_const_extract_protocols.json
[SwiftParser] Write Auxiliary File SwiftParser.SwiftFileList
[SwiftParser] Write Auxiliary File SwiftParser.LinkFileList
[SwiftParser] Write Auxiliary File SwiftParser-OutputFileMap.json
[SwiftOperators] Write Auxiliary File SwiftOperators.modulemap
[SwiftOperators] Write Auxiliary File SwiftOperators.DependencyMetadataFileList
[SwiftOperators] Write Auxiliary File SwiftOperators_const_extract_protocols.json
[SwiftOperators] Write Auxiliary File SwiftOperators.SwiftFileList
[SwiftOperators] Write Auxiliary File SwiftOperators.LinkFileList
[SwiftOperators] Write Auxiliary File SwiftOperators-OutputFileMap.json
[SwiftOperators] Write Auxiliary File SwiftOperators_const_extract_protocols.json
[SwiftOperators] Write Auxiliary File SwiftOperators.SwiftFileList
[SwiftOperators] Write Auxiliary File SwiftOperators.LinkFileList
[SwiftOperators] Write Auxiliary File SwiftOperators-OutputFileMap.json
[SwiftDiagnostics] Write Auxiliary File SwiftDiagnostics.modulemap
[SwiftDiagnostics] Write Auxiliary File SwiftDiagnostics.DependencyMetadataFileList
[SwiftDiagnostics] Write Auxiliary File SwiftDiagnostics_const_extract_protocols.json
[SwiftDiagnostics] Write Auxiliary File SwiftDiagnostics.SwiftFileList
[SwiftDiagnostics] Write Auxiliary File SwiftDiagnostics.LinkFileList
[SwiftDiagnostics] Write Auxiliary File SwiftDiagnostics-OutputFileMap.json
[SwiftDiagnostics] Write Auxiliary File SwiftDiagnostics_const_extract_protocols.json
[SwiftDiagnostics] Write Auxiliary File SwiftDiagnostics.SwiftFileList
[SwiftDiagnostics] Write Auxiliary File SwiftDiagnostics.LinkFileList
[SwiftDiagnostics] Write Auxiliary File SwiftDiagnostics-OutputFileMap.json
[SwiftCompilerPluginMessageHandling] Write Auxiliary File SwiftCompilerPluginMessageHandling.modulemap
[SwiftCompilerPluginMessageHandling] Write Auxiliary File SwiftCompilerPluginMessageHandling.DependencyMetadataFileList
[SwiftCompilerPluginMessageHandling] Write Auxiliary File SwiftCompilerPluginMessageHandling_const_extract_protocols.json
[SwiftCompilerPluginMessageHandling] Write Auxiliary File SwiftCompilerPluginMessageHandling.SwiftFileList
[SwiftCompilerPluginMessageHandling] Write Auxiliary File SwiftCompilerPluginMessageHandling.LinkFileList
[SwiftCompilerPluginMessageHandling] Write Auxiliary File SwiftCompilerPluginMessageHandling-OutputFileMap.json
[SwiftCompilerPluginMessageHandling] Write Auxiliary File SwiftCompilerPluginMessageHandling_const_extract_protocols.json
[SwiftCompilerPluginMessageHandling] Write Auxiliary File SwiftCompilerPluginMessageHandling.SwiftFileList
[SwiftCompilerPluginMessageHandling] Write Auxiliary File SwiftCompilerPluginMessageHandling.LinkFileList
[SwiftCompilerPluginMessageHandling] Write Auxiliary File SwiftCompilerPluginMessageHandling-OutputFileMap.json
[SwiftCompilerPlugin] Write Auxiliary File SwiftCompilerPlugin.modulemap
[SwiftCompilerPlugin] Write Auxiliary File SwiftCompilerPlugin.DependencyMetadataFileList
[SwiftCompilerPlugin] Write Auxiliary File SwiftCompilerPlugin.SwiftFileList
[SwiftCompilerPlugin] Write Auxiliary File SwiftCompilerPlugin_const_extract_protocols.json
[SwiftCompilerPlugin] Write Auxiliary File SwiftCompilerPlugin.LinkFileList
[SwiftCompilerPlugin] Write Auxiliary File SwiftCompilerPlugin-OutputFileMap.json
[SwiftCompilerPlugin] Write Auxiliary File SwiftCompilerPlugin_const_extract_protocols.json
[SwiftCompilerPlugin] Write Auxiliary File SwiftCompilerPlugin.SwiftFileList
[SwiftCompilerPlugin] Write Auxiliary File SwiftCompilerPlugin.LinkFileList
[SwiftCompilerPlugin] Write Auxiliary File SwiftCompilerPlugin-OutputFileMap.json
[SwiftBasicFormat] Write Auxiliary File SwiftBasicFormat.modulemap
[SwiftBasicFormat] Write Auxiliary File SwiftBasicFormat.DependencyMetadataFileList
[SwiftBasicFormat] Write Auxiliary File SwiftBasicFormat_const_extract_protocols.json
[SwiftBasicFormat] Write Auxiliary File SwiftBasicFormat.SwiftFileList
[SwiftBasicFormat] Write Auxiliary File SwiftBasicFormat.LinkFileList
[SwiftBasicFormat] Write Auxiliary File SwiftBasicFormat-OutputFileMap.json
[SwiftBasicFormat] Write Auxiliary File SwiftBasicFormat_const_extract_protocols.json
[SwiftBasicFormat] Write Auxiliary File SwiftBasicFormat.LinkFileList
[SwiftBasicFormat] Write Auxiliary File SwiftBasicFormat.SwiftFileList
[SwiftBasicFormat] Write Auxiliary File SwiftBasicFormat-OutputFileMap.json
[SFSymbolsPicker] Write Auxiliary File SFSymbolsPicker.modulemap
[SFSymbolsPicker] Write Auxiliary File SFSymbolsPicker.DependencyMetadataFileList
[SFSymbolsPicker] Write Auxiliary File SFSymbolsPicker_const_extract_protocols.json
[SFSymbolsPicker] Write Auxiliary File SFSymbolsPicker.SwiftFileList
[SFSymbolsPicker] Write Auxiliary File SFSymbolsPicker.LinkFileList
[SFSymbolsPicker] Write Auxiliary File SFSymbolsPicker-OutputFileMap.json
[Formula] Write Auxiliary File Formula_const_extract_protocols.json
[Formula] Write Auxiliary File Formula.SwiftFileList
[Formula] Write Auxiliary File Formula.LinkFileList
[Formula] Write Auxiliary File Formula-OutputFileMap.json
[Formula] Write Auxiliary File Formula.modulemap
[Formula] Write Auxiliary File Formula.DependencyMetadataFileList
[AudioKit] Write Auxiliary File AudioKit_const_extract_protocols.json
[AudioKit] Write Auxiliary File AudioKit.SwiftFileList
[AudioKit] Write Auxiliary File AudioKit.LinkFileList
[AudioKit] Write Auxiliary File AudioKit-OutputFileMap.json
[AudioKit] Write Auxiliary File resource_bundle_accessor.swift
[AudioKit] Write Auxiliary File AudioKit.modulemap
[AudioKit] Write Auxiliary File AudioKit.DependencyMetadataFileList
[SwiftSyntax600] Copy SwiftSyntax600.modulemap -> SwiftSyntax600.modulemap
[SwiftSyntax510] Copy SwiftSyntax510.modulemap -> SwiftSyntax510.modulemap
[SFSymbolsPicker] Copy SFSymbolsPicker.modulemap -> SFSymbolsPicker.modulemap
[SwiftSyntax509] Copy SwiftSyntax509.modulemap -> SwiftSyntax509.modulemap
[whisper_cpp] Copy whisper_cpp.modulemap -> whisper_cpp.modulemap
[AudioKit_AudioKit] Processing empty-AudioKit_AudioKit.plist
[AudioKit] Copy AudioKit.modulemap -> AudioKit.modulemap
[AudioKit_AudioKit] Copying PrivacyInfo.xcprivacy
[SwiftWhisper] Copy SwiftWhisper.modulemap -> SwiftWhisper.modulemap
Signing AudioKit_AudioKit.bundle (in target 'AudioKit_AudioKit' from project 'AudioKit')
[AudioKit_AudioKit] Touching AudioKit_AudioKit.bundle
[whisper_cpp] Compiling whisper.cpp
[whisper_cpp] Compiling whisper-encoder.mm
[_SwiftSyntaxCShims] Compiling dummy.c
[_SwiftSyntaxCShims] Compiling dummy.c
[SwiftSyntax600] Compiling Empty.swift
[SwiftSyntax510] Compiling Empty.swift
[SwiftSyntax600] Compiling Empty.swift
[SwiftSyntax510] Compiling Empty.swift
[SwiftSyntax509] Compiling Empty.swift
[SwiftSyntax509] Compiling Empty.swift
[SwiftWhisper] Compiling WhisperSamplingStrategy.swift
[SwiftWhisper] Compiling Segment.swift
[SwiftWhisper] Compiling WhisperError.swift
[SwiftWhisper] Compiling WhisperDelegate.swift
[_SwiftSyntaxCShims] Linking _SwiftSyntaxCShims.o
[_SwiftSyntaxCShims] Linking _SwiftSyntaxCShims.o
[SwiftSyntax600] Copy x86_64-apple-macos.swiftmodule -> SwiftSyntax600.swiftmodule
[SwiftSyntax600] Copy x86_64-apple-macos.swiftdoc -> SwiftSyntax600.swiftdoc
[SwiftSyntax600] Copy x86_64-apple-macos.abi.json -> SwiftSyntax600.abi.json
[SwiftSyntax600] Copy arm64-apple-macos.swiftmodule -> SwiftSyntax600.swiftmodule
[SwiftSyntax600] Copy arm64-apple-macos.swiftdoc -> SwiftSyntax600.swiftdoc
[SwiftSyntax600] Copy arm64-apple-macos.abi.json -> SwiftSyntax600.abi.json
[SwiftSyntax600] Copy x86_64-apple-macos.swiftsourceinfo -> SwiftSyntax600.swiftsourceinfo
[SwiftSyntax600] Copy arm64-apple-macos.swiftsourceinfo -> SwiftSyntax600.swiftsourceinfo
[SwiftSyntax510] Copy arm64-apple-macos.swiftmodule -> SwiftSyntax510.swiftmodule
[SwiftSyntax510] Copy arm64-apple-macos.swiftdoc -> SwiftSyntax510.swiftdoc
[SwiftSyntax510] Copy x86_64-apple-macos.swiftmodule -> SwiftSyntax510.swiftmodule
[SwiftSyntax510] Copy x86_64-apple-macos.swiftdoc -> SwiftSyntax510.swiftdoc
[SwiftSyntax510] Copy x86_64-apple-macos.abi.json -> SwiftSyntax510.abi.json
[SwiftSyntax510] Copy arm64-apple-macos.abi.json -> SwiftSyntax510.abi.json
[SwiftSyntax510] Copy x86_64-apple-macos.swiftsourceinfo -> SwiftSyntax510.swiftsourceinfo
[SwiftSyntax510] Copy arm64-apple-macos.swiftsourceinfo -> SwiftSyntax510.swiftsourceinfo
[SwiftSyntax509] Copy x86_64-apple-macos.swiftmodule -> SwiftSyntax509.swiftmodule
[SwiftSyntax509] Copy x86_64-apple-macos.swiftdoc -> SwiftSyntax509.swiftdoc
[SwiftSyntax509] Copy x86_64-apple-macos.abi.json -> SwiftSyntax509.abi.json
[SwiftSyntax509] Copy arm64-apple-macos.swiftmodule -> SwiftSyntax509.swiftmodule
[SwiftSyntax509] Copy arm64-apple-macos.swiftdoc -> SwiftSyntax509.swiftdoc
[SwiftSyntax509] Copy arm64-apple-macos.abi.json -> SwiftSyntax509.abi.json
[SwiftSyntax509] Copy x86_64-apple-macos.swiftsourceinfo -> SwiftSyntax509.swiftsourceinfo
[SwiftSyntax509] Copy arm64-apple-macos.swiftsourceinfo -> SwiftSyntax509.swiftsourceinfo
[SwiftWhisper] Compiling Whisper.swift
[SwiftWhisper] Compiling WhisperLanguage.swift
[SwiftWhisper] Copy arm64-apple-ios-simulator.swiftmodule -> SwiftWhisper.swiftmodule
[SwiftWhisper] Copy arm64-apple-ios-simulator.swiftdoc -> SwiftWhisper.swiftdoc
[SwiftWhisper] Copy arm64-apple-ios-simulator.abi.json -> SwiftWhisper.abi.json
[SwiftWhisper] Copy arm64-apple-ios-simulator.swiftsourceinfo -> SwiftWhisper.swiftsourceinfo
[SwiftWhisper] Compiling WhisperParams.swift
[SwiftSyntax600] Compiling Empty.swift
[SwiftSyntax600] Compiling Empty.swift
[SwiftSyntax510] Compiling Empty.swift
[SFSymbolsPicker] Copy arm64-apple-ios-simulator.swiftmodule -> SFSymbolsPicker.swiftmodule
[SFSymbolsPicker] Copy arm64-apple-ios-simulator.swiftdoc -> SFSymbolsPicker.swiftdoc
[SFSymbolsPicker] Copy arm64-apple-ios-simulator.abi.json -> SFSymbolsPicker.abi.json
[SFSymbolsPicker] Copy arm64-apple-ios-simulator.swiftsourceinfo -> SFSymbolsPicker.swiftsourceinfo
[SwiftSyntax510] Compiling Empty.swift
[SwiftSyntax509] Compiling Empty.swift
[SwiftSyntax509] Compiling Empty.swift
[SFSymbolsPicker] Compiling SymbolsPickerVM.swift
[SFSymbolsPicker] Compiling SymbolsPicker.swift
[SFSymbolsPicker] Compiling SymbolLoader.swift
[SFSymbolsPicker] Compiling SymbolIcon.swift
[SFSymbolsPicker] Compiling UsageExample.swift
[SFSymbolsPicker] Compiling SearchBar.swift
[AudioKit] Compiling AVAudioTimeShim.swift
[AudioKit] Compiling AudioKitHelpers.swift
[AudioKit] Compiling Log.swift
[AudioKit] Compiling MemoryAddress.swift
[AudioKit] Compiling MusicalDuration.swift
[AudioKit] Compiling ThreadLockedAccessor.swift
[AudioKit] Compiling BluetoothMIDIButton.swift
[AudioKit] Compiling MIDIControl.swift
[AudioKit] Compiling MIDICustomMetaEvent.swift
[AudioKit] Compiling MIDIMessage.swift
[AudioKit] Compiling MIDIStatus.swift
[AudioKit] Compiling MIDISystemCommand.swift
[AudioKit] Compiling MIDIBeatObserver.swift
[AudioKit] Compiling MIDICallbackInstrument.swift
[AudioKit] Compiling MIDIEndpointInfo.swift
[AudioKit] Compiling MIDIEvent.swift
[AudioKit] Compiling MIDIFile.swift
[AudioKit] Compiling MIDIFileChunk.swift
[AudioKit] Compiling MIDIFileChunkEvent.swift
[AudioKit] Compiling MIDIFileHeaderChunk.swift
[AudioKit] Compiling MIDIFileTempoTrack.swift
[AudioKit] Compiling MIDIFileTrack.swift
[AudioKit] Compiling MIDIFileTrackChunk.swift
[AudioKit] Compiling MIDIFileTrackMap.swift
[AudioKit] Compiling MIDIInstrument.swift
[AudioKit] Compiling MIDIListener.swift
[AudioKit] Compiling resource_bundle_accessor.swift
[AudioKit] Compiling AVAudioFile+Utilities.swift
[AudioKit] Compiling AVAudioPCMBuffer+Processing.swift
[AudioKit] Compiling AVAudioPCMBuffer+Utilities.swift
[AudioKit] Compiling FormatConverter+Compressed.swift
[AudioKit] Compiling FormatConverter+PCM.swift
[AudioKit] Compiling FormatConverter+Utilities.swift
[AudioKit] Compiling FormatConverter.swift
[AudioKit] Compiling WaveformDataRequest.swift
[AudioKit] Compiling AVAudioUnit+Helpers.swift
[AudioKit] Compiling AudioComponentDescription+Helpers.swift
[AudioKit] Compiling AudioUnit+Helpers.swift
[AudioKit] Compiling AVAudioEngine+Extensions.swift
[AudioKit] Compiling AudioPlayer+Legacy.swift
[AudioKit] Compiling AudioPlayer+Playback.swift
[AudioKit] Compiling AudioPlayer+Scheduling.swift
[AudioKit] Compiling AudioPlayer.swift
[AudioKit] Compiling MultiSegmentAudioPlayer.swift
[AudioKit] Compiling TimePitch.swift
[AudioKit] Compiling VariSpeed.swift
[AudioKit] Compiling AppleSequencer.swift
[AudioKit] Compiling MIDIMetaEvent+allocate.swift
[AudioKit] Compiling MusicTrack+Events.swift
[AudioKit] Compiling MusicTrack+Load.swift
[AudioKit] Compiling MusicTrack.swift
[AudioKit] Compiling AudioEngine+connectionTreeDescription.swift
[AudioKit] Compiling AudioEngine.swift
[AudioKit] Compiling CheckError.swift
[AudioKit] Compiling CommonError.swift
[AudioKit] Compiling AVAudioEngine+Devices.swift
[AudioKit] Compiling Device.swift
[AudioKit] Compiling DeviceUtils.swift
[AudioKit] Compiling Settings+iOSVariants.swift
[AudioKit] Compiling Settings+macOS.swift
[AudioKit] Compiling Settings.swift
[AudioKit] Compiling Table+AdditiveSynthesis.swift
[AudioKit] Compiling Table.swift
[AudioKit] Compiling AVAudioPCMBuffer+audition.swift
[AudioKit] Compiling LowPassFilter.swift
[AudioKit] Compiling LowShelfFilter.swift
[AudioKit] Compiling ParametricEQ.swift
[AudioKit] Compiling NewPitch.swift
[AudioKit] Compiling Reverb.swift
[AudioKit] Compiling PlaygroundNoiseGenerator.swift
[AudioKit] Compiling PlaygroundOscillator.swift
[AudioKit] Compiling EnvironmentalNode.swift
[AudioKit] Compiling MatrixMixer.swift
[AudioKit] Compiling Mixer.swift
[AudioKit] Compiling Mixer3D.swift
[AudioKit] Compiling NamedNode.swift
[AudioKit] Compiling MIDINoteData.swift
[AudioKit] Compiling MIDIPlayer.swift
[AudioKit] Compiling MIDISampler.swift
[AudioKit] Compiling MIDITransformer.swift
[AudioKit] Compiling MIDIPacket+Extensions.swift
[AudioKit] Compiling MIDIPacket+SequenceType.swift
[AudioKit] Compiling MIDIPacketList+SequenceType.swift
[AudioKit] Compiling BPM+StatisticalTools.swift
[AudioKit] Compiling MIDIHelper.swift
[AudioKit] Compiling MIDISysexMessage.swift
[AudioKit] Compiling MIDITimeout.swift
[AudioKit] Compiling MIDIVariableLengthQuantity.swift
[AudioKit] Compiling AVAudioUnitEffect+Apple.swift
[AudioKit] Compiling Delay.swift
[AudioKit] Compiling AppleDistortion.swift
[AudioKit] Compiling Decimator.swift
[AudioKit] Compiling Distortion.swift
[AudioKit] Compiling RingModulator.swift
[AudioKit] Compiling Compressor.swift
[AudioKit] Compiling DynamicsProcessor.swift
[AudioKit] Compiling Expander.swift
[AudioKit] Compiling PeakLimiter.swift
[AudioKit] Compiling BandPassFilter.swift
[AudioKit] Compiling HighPassFilter.swift
[AudioKit] Compiling HighShelfFilter.swift
[AudioKit] Copy arm64-apple-ios-simulator.swiftmodule -> AudioKit.swiftmodule
[AudioKit] Copy arm64-apple-ios-simulator.swiftdoc -> AudioKit.swiftdoc
[AudioKit] Copy arm64-apple-ios-simulator.abi.json -> AudioKit.abi.json
[AudioKit] Copy arm64-apple-ios-simulator.swiftsourceinfo -> AudioKit.swiftsourceinfo
[AudioKit] Compiling Node+ConnectStrategy.swift
[AudioKit] Compiling Node+Graphviz.swift
[AudioKit] Compiling Node+connectionTreeDescription.swift
[AudioKit] Compiling Node+disconnectStrategy.swift
[AudioKit] Compiling Node.swift
[AudioKit] Compiling NodeParameter.swift
[AudioKit] Compiling NodeStatus.swift
[AudioKit] Compiling AppleSampler+SoundFonts.swift
[AudioKit] Compiling AppleSampler+getAUPresetXML.swift
[AudioKit] Compiling AppleSampler.swift
[AudioKit] Compiling PresetBuilder.swift
[AudioKit] Compiling AudioPlayer+Buffering.swift
[whisper_cpp] Compiling ggml.c
[AudioKit] Compiling TimeSignature.swift
[AudioKit] Compiling UnsafeMIDIMetaEventPointer.swift
[AudioKit] Compiling Duration.swift
[AudioKit] Compiling AmplitudeTap.swift
[AudioKit] Compiling BaseTap.swift
[AudioKit] Compiling FFTTap.swift
[AudioKit] Compiling MultiChannelInputNodeTap+WriteableFile.swift
[AudioKit] Compiling MultiChannelInputNodeTap.swift
[AudioKit] Compiling NodeRecorder.swift
[AudioKit] Compiling RawBufferTap.swift
[AudioKit] Compiling RawDataTap.swift
[AudioKit] Compiling Tap.swift
[AudioKit] Compiling MIDIClockListener.swift
[AudioKit] Compiling MIDIMonoPolyListener.swift
[AudioKit] Compiling MIDIObserverMaster.swift
[AudioKit] Compiling MIDIOmniListener.swift
[AudioKit] Compiling MIDISystemRealTimeListener.swift
[AudioKit] Compiling MIDISystemRealTimeObserver.swift
[AudioKit] Compiling MIDITempoListener.swift
[AudioKit] Compiling MIDITempoObserver.swift
[AudioKit] Compiling MIDI+Extensions.swift
[AudioKit] Compiling MIDI+Receiving.swift
[AudioKit] Compiling MIDI+Sending.swift
[AudioKit] Compiling MIDI+VirtualPorts.swift
[AudioKit] Compiling MIDI.swift
[SwiftSyntax600] Linking SwiftSyntax600.o
[SwiftSyntax600] Linking SwiftSyntax600.o
[SwiftSyntax510] Linking SwiftSyntax510.o
[SwiftSyntax510] Linking SwiftSyntax510.o
[SwiftSyntax509] Linking SwiftSyntax509.o
[SwiftSyntax509] Linking SwiftSyntax509.o
[!]  /Users/faisalalalaiwat/punk.systems/code/swift/wispr/daydetaiils/Assets.xcassets: Background color ‘WidgetBackground’ is not present in any asset catalogs.
/* com.apple.actool.compilation-results */
/Users/faisalalalaiwat/Library/Developer/Xcode/DerivedData/wispr-gbrwbwigtfrozcbhiryfpindwggc/Build/Intermediates.noindex/wispr.build/Debug-iphonesimulator/daydetaiilsExtension.build/assetcatalog_generated_info.plist
[daydetaiilsExtension] Compiling AppIntent.swift
[daydetaiilsExtension] Compiling SharedContainer.swift
[daydetaiilsExtension] Compiling Item.swift
[daydetaiilsExtension] Compiling GeneratedAssetSymbols.swift
[whisper_cpp] Compiling whisper-encoder-impl.m
[daydetaiilsExtension] Compiling Day.swift
[daydetaiilsExtension] Compiling daydetaiils.swift
[daydetaiilsExtension] Compiling daydetaiilsBundle.swift
[daydetaiilsExtension] Compiling daydetaiilsControl.swift
[daydetaiilsExtension] Compiling Util.swift
[daydetaiilsExtension] Compiling daydetaiilsLiveActivity.swift
[daydetaiilsExtension] Compiling TimeLine.swift
[SwiftSyntax] Copy SwiftSyntax.modulemap -> SwiftSyntax.modulemap
[SwiftSyntax] Compiling CustomTraits.swift
[SwiftSyntax] Compiling Identifier.swift
[SwiftSyntax] Compiling MemoryLayout.swift
[SwiftSyntax] Compiling MissingNodeInitializers.swift
[SwiftSyntax] Compiling RawSyntax.swift
[SwiftSyntax] Compiling RawSyntaxLayoutView.swift
[SwiftSyntax] Compiling RawSyntaxNodeProtocol.swift
[SwiftSyntax] Compiling RawSyntaxNodesC.swift
[SwiftSyntax] Compiling RawSyntaxNodesD.swift
[SwiftSyntax] Compiling RawSyntaxNodesEF.swift
[SwiftSyntax] Compiling RawSyntaxNodesGHI.swift
[SwiftSyntax] Compiling RawSyntaxNodesJKLMN.swift
[SwiftSyntax] Compiling RawSyntaxNodesOP.swift
[SwiftSyntax] Compiling SyntaxArena.swift
[SwiftSyntax] Compiling SyntaxArenaAllocatedBuffer.swift
[SwiftSyntax] Compiling SyntaxChildren.swift
[SwiftSyntax] Compiling SyntaxCollection.swift
[SwiftSyntax] Compiling SyntaxHashable.swift
[SwiftSyntax] Compiling SyntaxIdentifier.swift
[SwiftSyntax] Compiling SyntaxNodeFactory.swift
[SwiftSyntax] Compiling RawSyntaxNodesQRS.swift
[SwiftSyntax] Compiling RawSyntaxNodesTUVWXYZ.swift
[SwiftSyntax] Compiling RawSyntaxValidation.swift
[SwiftSyntax] Compiling SyntaxNodesAB.swift
[SwiftSyntax] Compiling SyntaxNodesC.swift
[SwiftSyntax] Compiling SyntaxNodesD.swift
[SwiftSyntax] Compiling SyntaxNodeStructure.swift
[SwiftSyntax] Compiling SyntaxProtocol.swift
[SwiftSyntax] Compiling SyntaxText.swift
[SwiftSyntax] Compiling SyntaxTreeViewMode.swift
[SwiftSyntax] Compiling TokenDiagnostic.swift
[SwiftSyntax] Compiling TokenSequence.swift
[SwiftSyntax] Compiling TokenSyntax.swift
[SwiftSyntax] Compiling RawSyntaxNodesQRS.swift
[SwiftSyntax] Compiling RawSyntaxNodesTUVWXYZ.swift
[SwiftSyntax] Compiling RawSyntaxValidation.swift
[SwiftSyntax] Compiling SyntaxNodesAB.swift
[SwiftSyntax] Compiling SyntaxNodesC.swift
[SwiftSyntax] Compiling SyntaxNodesD.swift
[SwiftSyntax] Compiling RawSyntaxNodesC.swift
[SwiftSyntax] Compiling RawSyntaxNodesD.swift
[SwiftSyntax] Compiling RawSyntaxNodesEF.swift
[SwiftSyntax] Compiling RawSyntaxNodesGHI.swift
[SwiftSyntax] Compiling RawSyntaxNodesJKLMN.swift
[SwiftSyntax] Compiling RawSyntaxNodesOP.swift
[SwiftSyntax] Compiling SyntaxAnyVisitor.swift
[SwiftSyntax] Compiling SyntaxBaseNodes.swift
[SwiftSyntax] Compiling SyntaxCollections.swift
[SwiftSyntax] Compiling SyntaxEnum.swift
[SwiftSyntax] Compiling SyntaxKind.swift
[SwiftSyntax] Compiling SyntaxRewriter.swift
[SwiftSyntax] Compiling SyntaxNodesEF.swift
[SwiftSyntax] Compiling SyntaxNodesGHI.swift
[SwiftSyntax] Compiling SyntaxNodesJKLMN.swift
[SwiftSyntax] Compiling SyntaxNodesOP.swift
[SwiftSyntax] Compiling SyntaxNodesQRS.swift
[SwiftSyntax] Compiling SyntaxNodesTUVWXYZ.swift
[SwiftSyntax] Compiling SyntaxNodeStructure.swift
[SwiftSyntax] Compiling SyntaxProtocol.swift
[SwiftSyntax] Compiling SyntaxText.swift
[SwiftSyntax] Compiling SyntaxTreeViewMode.swift
[SwiftSyntax] Compiling TokenDiagnostic.swift
[SwiftSyntax] Compiling TokenSequence.swift
[SwiftSyntax] Compiling TokenSyntax.swift
[SwiftSyntax] Compiling SyntaxTraits.swift
[SwiftSyntax] Compiling SyntaxVisitor.swift
[SwiftSyntax] Compiling TokenKind.swift
[SwiftSyntax] Compiling Tokens.swift
[SwiftSyntax] Compiling TriviaPieces.swift
[SwiftSyntax] Compiling RawSyntaxNodesAB.swift
[SwiftSyntax] Compiling Trivia.swift
[SwiftSyntax] Compiling Utils.swift
[SwiftSyntax] Compiling ChildNameForKeyPath.swift
[SwiftSyntax] Compiling Keyword.swift
[SwiftSyntax] Compiling RenamedChildrenCompatibility.swift
[SwiftSyntax] Compiling RenamedNodesCompatibility.swift
[SwiftSyntax] Copy arm64-apple-macos.swiftmodule -> SwiftSyntax.swiftmodule
[SwiftSyntax] Copy x86_64-apple-macos.swiftmodule -> SwiftSyntax.swiftmodule
[SwiftSyntax] Copy x86_64-apple-macos.swiftdoc -> SwiftSyntax.swiftdoc
[SwiftSyntax] Copy x86_64-apple-macos.abi.json -> SwiftSyntax.abi.json
[SwiftSyntax] Copy arm64-apple-macos.swiftdoc -> SwiftSyntax.swiftdoc
[SwiftSyntax] Copy arm64-apple-macos.abi.json -> SwiftSyntax.abi.json
[SwiftSyntax] Copy x86_64-apple-macos.swiftsourceinfo -> SwiftSyntax.swiftsourceinfo
[SwiftSyntax] Copy arm64-apple-macos.swiftsourceinfo -> SwiftSyntax.swiftsourceinfo
[SwiftSyntax] Compiling RawSyntaxTokenView.swift
[SwiftSyntax] Compiling SourceEdit.swift
[SwiftSyntax] Compiling SourceLength.swift
[SwiftSyntax] Compiling SourceLocation.swift
[SwiftSyntax] Compiling SourcePresence.swift
[SwiftSyntax] Compiling SwiftSyntaxCompatibility.swift
[SwiftSyntax] Compiling Syntax.swift
[SwiftSyntax] Compiling RawSyntaxTokenView.swift
[SwiftSyntax] Compiling SourceEdit.swift
[SwiftSyntax] Compiling SourceLength.swift
[SwiftSyntax] Compiling SourceLocation.swift
[SwiftSyntax] Compiling SourcePresence.swift
[SwiftSyntax] Compiling SwiftSyntaxCompatibility.swift
[SwiftSyntax] Compiling Syntax.swift
[SwiftSyntax] Compiling AbsolutePosition.swift
[SwiftSyntax] Compiling AbsoluteRawSyntax.swift
[SwiftSyntax] Compiling AbsoluteSyntaxInfo.swift
[SwiftSyntax] Compiling Assert.swift
[SwiftSyntax] Compiling BumpPtrAllocator.swift
[SwiftSyntax] Compiling CommonAncestor.swift
[SwiftSyntax] Compiling Convenience.swift
[SwiftSyntax] Compiling SyntaxAnyVisitor.swift
[SwiftSyntax] Compiling SyntaxBaseNodes.swift
[SwiftSyntax] Compiling SyntaxCollections.swift
[SwiftSyntax] Compiling SyntaxEnum.swift
[SwiftSyntax] Compiling SyntaxKind.swift
[SwiftSyntax] Compiling SyntaxRewriter.swift
[SwiftSyntax] Compiling CustomTraits.swift
[SwiftSyntax] Compiling Identifier.swift
[SwiftSyntax] Compiling MemoryLayout.swift
[SwiftSyntax] Compiling MissingNodeInitializers.swift
[SwiftSyntax] Compiling RawSyntax.swift
[SwiftSyntax] Compiling RawSyntaxLayoutView.swift
[SwiftSyntax] Compiling RawSyntaxNodeProtocol.swift
[SwiftSyntax] Compiling SyntaxArena.swift
[SwiftSyntax] Compiling SyntaxArenaAllocatedBuffer.swift
[SwiftSyntax] Compiling SyntaxChildren.swift
[SwiftSyntax] Compiling SyntaxCollection.swift
[SwiftSyntax] Compiling SyntaxHashable.swift
[SwiftSyntax] Compiling SyntaxIdentifier.swift
[SwiftSyntax] Compiling SyntaxNodeFactory.swift
[SwiftSyntax] Compiling AbsolutePosition.swift
[SwiftSyntax] Compiling AbsoluteRawSyntax.swift
[SwiftSyntax] Compiling AbsoluteSyntaxInfo.swift
[SwiftSyntax] Compiling Assert.swift
[SwiftSyntax] Compiling BumpPtrAllocator.swift
[SwiftSyntax] Compiling CommonAncestor.swift
[SwiftSyntax] Compiling Convenience.swift
[SwiftSyntax] Compiling Trivia.swift
[SwiftSyntax] Compiling Utils.swift
[SwiftSyntax] Compiling ChildNameForKeyPath.swift
[SwiftSyntax] Compiling Keyword.swift
[SwiftSyntax] Compiling RenamedChildrenCompatibility.swift
[SwiftSyntax] Compiling RenamedNodesCompatibility.swift
[SwiftSyntax] Compiling SyntaxTraits.swift
[SwiftSyntax] Compiling SyntaxVisitor.swift
[SwiftSyntax] Compiling TokenKind.swift
[SwiftSyntax] Compiling Tokens.swift
[SwiftSyntax] Compiling TriviaPieces.swift
[SwiftSyntax] Compiling RawSyntaxNodesAB.swift
[SwiftSyntax] Compiling SyntaxNodesEF.swift
[SwiftSyntax] Compiling SyntaxNodesGHI.swift
[SwiftSyntax] Compiling SyntaxNodesJKLMN.swift
[SwiftSyntax] Compiling SyntaxNodesOP.swift
[SwiftSyntax] Compiling SyntaxNodesQRS.swift
[SwiftSyntax] Compiling SyntaxNodesTUVWXYZ.swift
[SwiftParser] Copy SwiftParser.modulemap -> SwiftParser.modulemap
[SwiftDiagnostics] Copy SwiftDiagnostics.modulemap -> SwiftDiagnostics.modulemap
[SwiftParser] Compiling TokenConsumer.swift
[SwiftParser] Compiling TokenPrecedence.swift
[SwiftParser] Compiling TokenSpec.swift
[SwiftParser] Compiling TokenSpecSet.swift
[SwiftParser] Copy x86_64-apple-macos.swiftmodule -> SwiftParser.swiftmodule
[SwiftParser] Copy x86_64-apple-macos.swiftdoc -> SwiftParser.swiftdoc
[SwiftParser] Copy x86_64-apple-macos.abi.json -> SwiftParser.abi.json
[SwiftParser] Copy x86_64-apple-macos.swiftsourceinfo -> SwiftParser.swiftsourceinfo
[SwiftDiagnostics] Copy arm64-apple-macos.swiftmodule -> SwiftDiagnostics.swiftmodule
[SwiftDiagnostics] Copy arm64-apple-macos.swiftdoc -> SwiftDiagnostics.swiftdoc
[SwiftDiagnostics] Copy arm64-apple-macos.abi.json -> SwiftDiagnostics.abi.json
[SwiftDiagnostics] Copy arm64-apple-macos.swiftsourceinfo -> SwiftDiagnostics.swiftsourceinfo
[SwiftDiagnostics] Copy x86_64-apple-macos.swiftmodule -> SwiftDiagnostics.swiftmodule
[SwiftDiagnostics] Copy x86_64-apple-macos.swiftdoc -> SwiftDiagnostics.swiftdoc
[SwiftDiagnostics] Copy x86_64-apple-macos.abi.json -> SwiftDiagnostics.abi.json
[SwiftDiagnostics] Copy x86_64-apple-macos.swiftsourceinfo -> SwiftDiagnostics.swiftsourceinfo
[SwiftParser] Compiling Lexer.swift
[SwiftParser] Compiling RegexLiteralLexer.swift
[SwiftParser] Compiling UnicodeScalarExtensions.swift
[SwiftParser] Compiling Lookahead.swift
[SwiftParser] Compiling TopLevel.swift
[SwiftParser] Compiling TriviaParser.swift
[SwiftParser] Compiling Types.swift
[SwiftParser] Compiling ExperimentalFeatures.swift
[SwiftParser] Compiling Parameters.swift
[SwiftParser] Compiling ParseSourceFile.swift
[SwiftParser] Compiling Parser.swift
[SwiftParser] Compiling Patterns.swift
[SwiftParser] Compiling Lexer.swift
[SwiftParser] Compiling RegexLiteralLexer.swift
[SwiftParser] Compiling UnicodeScalarExtensions.swift
[SwiftParser] Compiling Lookahead.swift
[SwiftParser] Copy arm64-apple-macos.swiftmodule -> SwiftParser.swiftmodule
[SwiftParser] Copy arm64-apple-macos.swiftdoc -> SwiftParser.swiftdoc
[SwiftParser] Copy arm64-apple-macos.abi.json -> SwiftParser.abi.json
[SwiftParser] Copy arm64-apple-macos.swiftsourceinfo -> SwiftParser.swiftsourceinfo
[SwiftParser] Compiling Recovery.swift
[SwiftParser] Compiling Specifiers.swift
[SwiftParser] Compiling Statements.swift
[SwiftParser] Compiling StringLiteralRepresentedLiteralValue.swift
[SwiftParser] Compiling IsValidIdentifier.swift
[SwiftParser] Compiling Cursor.swift
[SwiftParser] Compiling Lexeme.swift
[SwiftParser] Compiling LexemeSequence.swift
[SwiftParser] Compiling TokenConsumer.swift
[SwiftParser] Compiling TokenPrecedence.swift
[SwiftParser] Compiling TokenSpec.swift
[SwiftParser] Compiling TokenSpecSet.swift
[SwiftParser] Compiling IsValidIdentifier.swift
[SwiftParser] Compiling Cursor.swift
[SwiftParser] Compiling Lexeme.swift
[SwiftParser] Compiling LexemeSequence.swift
[SwiftParser] Compiling Parameters.swift
[SwiftParser] Compiling ParseSourceFile.swift
[SwiftParser] Compiling Parser.swift
[SwiftParser] Compiling Patterns.swift
[SwiftParser] Compiling StringLiterals.swift
[SwiftParser] Compiling SwiftParserCompatibility.swift
[SwiftParser] Compiling SwiftVersion.swift
[SwiftParser] Compiling SyntaxUtils.swift
[SwiftParser] Compiling TopLevel.swift
[SwiftParser] Compiling TriviaParser.swift
[SwiftParser] Compiling Types.swift
[SwiftParser] Compiling ExperimentalFeatures.swift
[SwiftParser] Compiling Directives.swift
[SwiftParser] Compiling ExpressionInterpretedAsVersionTuple.swift
[SwiftParser] Compiling Expressions.swift
[SwiftParser] Compiling IncrementalParseTransition.swift
[SwiftParser] Compiling IsLexerClassified.swift
[SwiftParser] Compiling LayoutNodes+Parsable.swift
[SwiftParser] Compiling Parser+TokenSpecSet.swift
[SwiftParser] Compiling TokenSpecStaticMembers.swift
[SwiftParser] Compiling LoopProgressCondition.swift
[SwiftParser] Compiling Modifiers.swift
[SwiftParser] Compiling Names.swift
[SwiftParser] Compiling Nominals.swift
[SwiftParser] Compiling Directives.swift
[SwiftParser] Compiling ExpressionInterpretedAsVersionTuple.swift
[SwiftParser] Compiling Expressions.swift
[SwiftParser] Compiling IncrementalParseTransition.swift
[SwiftParser] Compiling IsLexerClassified.swift
[SwiftParser] Compiling LayoutNodes+Parsable.swift
[SwiftParser] Compiling Parser+TokenSpecSet.swift
[SwiftParser] Compiling TokenSpecStaticMembers.swift
[SwiftParser] Compiling StringLiterals.swift
[SwiftParser] Compiling SwiftParserCompatibility.swift
[SwiftParser] Compiling SwiftVersion.swift
[SwiftParser] Compiling SyntaxUtils.swift
[SwiftParser] Compiling LoopProgressCondition.swift
[SwiftParser] Compiling Modifiers.swift
[SwiftParser] Compiling Names.swift
[SwiftParser] Compiling Nominals.swift
[SwiftParser] Compiling Attributes.swift
[SwiftParser] Compiling Availability.swift
[SwiftParser] Compiling CharacterInfo.swift
[SwiftParser] Compiling CollectionNodes+Parsable.swift
[SwiftParser] Compiling Declarations.swift
[SwiftParser] Compiling Attributes.swift
[SwiftParser] Compiling Availability.swift
[SwiftParser] Compiling CharacterInfo.swift
[SwiftParser] Compiling CollectionNodes+Parsable.swift
[SwiftParser] Compiling Declarations.swift
[SwiftParser] Compiling Recovery.swift
[SwiftParser] Compiling Specifiers.swift
[SwiftParser] Compiling Statements.swift
[SwiftParser] Compiling StringLiteralRepresentedLiteralValue.swift
[SwiftDiagnostics] Compiling Convenience.swift
[SwiftDiagnostics] Compiling Message.swift
[SwiftDiagnostics] Compiling DiagnosticsFormatter.swift
[SwiftDiagnostics] Compiling DiagnosticsFormatter.swift
[SwiftDiagnostics] Compiling DiagnosticDecorator.swift
[SwiftDiagnostics] Compiling DiagnosticDecorator.swift
[SwiftDiagnostics] Compiling FixIt.swift
[SwiftDiagnostics] Compiling ANSIDiagnosticDecorator.swift
[SwiftDiagnostics] Compiling Note.swift
[SwiftDiagnostics] Compiling GroupedDiagnostics.swift
[SwiftDiagnostics] Compiling Convenience.swift
[SwiftDiagnostics] Compiling BasicDiagnosticDecorator.swift
[SwiftDiagnostics] Compiling Diagnostic.swift
[SwiftDiagnostics] Compiling Note.swift
[SwiftDiagnostics] Compiling Message.swift
[SwiftDiagnostics] Compiling Diagnostic.swift
[SwiftDiagnostics] Compiling BasicDiagnosticDecorator.swift
[SwiftDiagnostics] Compiling GroupedDiagnostics.swift
[SwiftDiagnostics] Compiling FixIt.swift
[SwiftDiagnostics] Compiling ANSIDiagnosticDecorator.swift
[SwiftBasicFormat] Copy SwiftBasicFormat.modulemap -> SwiftBasicFormat.modulemap
[SwiftOperators] Copy SwiftOperators.modulemap -> SwiftOperators.modulemap
[SwiftBasicFormat] Compiling SyntaxProtocol+Formatted.swift
[SwiftOperators] Compiling PrecedenceGraph.swift
[SwiftOperators] Compiling Operator.swift
[SwiftOperators] Compiling OperatorTable.swift
[SwiftOperators] Compiling OperatorTable+Folding.swift
[SwiftBasicFormat] Copy x86_64-apple-macos.swiftmodule -> SwiftBasicFormat.swiftmodule
[SwiftBasicFormat] Copy x86_64-apple-macos.swiftdoc -> SwiftBasicFormat.swiftdoc
[SwiftBasicFormat] Copy x86_64-apple-macos.abi.json -> SwiftBasicFormat.abi.json
[SwiftBasicFormat] Copy arm64-apple-macos.swiftmodule -> SwiftBasicFormat.swiftmodule
[SwiftBasicFormat] Copy arm64-apple-macos.swiftdoc -> SwiftBasicFormat.swiftdoc
[SwiftBasicFormat] Copy arm64-apple-macos.abi.json -> SwiftBasicFormat.abi.json
[SwiftBasicFormat] Copy x86_64-apple-macos.swiftsourceinfo -> SwiftBasicFormat.swiftsourceinfo
[SwiftBasicFormat] Copy arm64-apple-macos.swiftsourceinfo -> SwiftBasicFormat.swiftsourceinfo
[SwiftOperators] Compiling OperatorTable+Semantics.swift
[SwiftOperators] Compiling OperatorError+Diagnostics.swift
[SwiftOperators] Compiling PrecedenceGroup.swift
[SwiftOperators] Compiling OperatorTable+Defaults.swift
[SwiftOperators] Copy arm64-apple-macos.swiftmodule -> SwiftOperators.swiftmodule
[SwiftOperators] Copy arm64-apple-macos.swiftdoc -> SwiftOperators.swiftdoc
[SwiftOperators] Copy arm64-apple-macos.abi.json -> SwiftOperators.abi.json
[SwiftOperators] Copy arm64-apple-macos.swiftsourceinfo -> SwiftOperators.swiftsourceinfo
[SwiftOperators] Compiling OperatorError.swift
[SwiftOperators] Copy x86_64-apple-macos.swiftmodule -> SwiftOperators.swiftmodule
[SwiftOperators] Copy x86_64-apple-macos.swiftdoc -> SwiftOperators.swiftdoc
[SwiftOperators] Copy x86_64-apple-macos.abi.json -> SwiftOperators.abi.json
[SwiftOperators] Copy x86_64-apple-macos.swiftsourceinfo -> SwiftOperators.swiftsourceinfo
[SwiftOperators] Compiling OperatorTable+Folding.swift
[SwiftOperators] Compiling PrecedenceGroup.swift
[SwiftOperators] Compiling OperatorTable+Defaults.swift
[SwiftOperators] Compiling OperatorError+Diagnostics.swift
[SwiftOperators] Compiling OperatorTable+Semantics.swift
[SwiftOperators] Compiling OperatorTable.swift
[SwiftOperators] Compiling PrecedenceGraph.swift
[SwiftOperators] Compiling SyntaxSynthesis.swift
[SwiftOperators] Compiling SyntaxSynthesis.swift
[SwiftOperators] Compiling OperatorError.swift
[SwiftOperators] Compiling Operator.swift
[SwiftBasicFormat] Compiling InferIndentation.swift
[SwiftBasicFormat] Compiling BasicFormat.swift
[SwiftBasicFormat] Compiling SyntaxProtocol+Formatted.swift
[SwiftBasicFormat] Compiling InferIndentation.swift
[SwiftBasicFormat] Compiling Syntax+Extensions.swift
[SwiftBasicFormat] Compiling Trivia+FormatExtensions.swift
[SwiftBasicFormat] Compiling Syntax+Extensions.swift
[SwiftBasicFormat] Compiling Trivia+FormatExtensions.swift
[SwiftBasicFormat] Compiling BasicFormat.swift
[SwiftParserDiagnostics] Copy SwiftParserDiagnostics.modulemap -> SwiftParserDiagnostics.modulemap
[SwiftParserDiagnostics] Compiling ChildNameForDiagnostics.swift
[SwiftParserDiagnostics] Compiling SyntaxKindNameForDiagnostics.swift
[SwiftParserDiagnostics] Compiling TokenNameForDiagnostics.swift
[SwiftParserDiagnostics] Compiling SyntaxKindNameForDiagnostics.swift
[SwiftParserDiagnostics] Compiling MissingNodesError.swift
[SwiftParserDiagnostics] Compiling MissingTokenError.swift
[SwiftParserDiagnostics] Compiling ParseDiagnosticsGenerator.swift
[SwiftParserDiagnostics] Compiling ParserDiagnosticMessages.swift
[SwiftParserDiagnostics] Compiling PresenceUtils.swift
[SwiftParserDiagnostics] Compiling SyntaxExtensions.swift
[SwiftParserDiagnostics] Compiling Utils.swift
[SwiftParserDiagnostics] Copy x86_64-apple-macos.swiftmodule -> SwiftParserDiagnostics.swiftmodule
[SwiftParserDiagnostics] Copy x86_64-apple-macos.swiftdoc -> SwiftParserDiagnostics.swiftdoc
[SwiftParserDiagnostics] Copy x86_64-apple-macos.abi.json -> SwiftParserDiagnostics.abi.json
[SwiftParserDiagnostics] Copy arm64-apple-macos.swiftmodule -> SwiftParserDiagnostics.swiftmodule
[SwiftParserDiagnostics] Copy arm64-apple-macos.swiftdoc -> SwiftParserDiagnostics.swiftdoc
[SwiftParserDiagnostics] Copy arm64-apple-macos.abi.json -> SwiftParserDiagnostics.abi.json
[SwiftParserDiagnostics] Copy x86_64-apple-macos.swiftsourceinfo -> SwiftParserDiagnostics.swiftsourceinfo
[SwiftParserDiagnostics] Copy arm64-apple-macos.swiftsourceinfo -> SwiftParserDiagnostics.swiftsourceinfo
[SwiftParserDiagnostics] Compiling MultiLineStringLiteralDiagnosticsGenerator.swift
[SwiftParserDiagnostics] Compiling TokenNameForDiagnostics.swift
[SwiftParserDiagnostics] Compiling ChildNameForDiagnostics.swift
[SwiftParserDiagnostics] Compiling DiagnosticExtensions.swift
[SwiftParserDiagnostics] Compiling LexerDiagnosticMessages.swift
[SwiftParserDiagnostics] Compiling MissingNodesError.swift
[SwiftParserDiagnostics] Compiling MissingTokenError.swift
[SwiftParserDiagnostics] Compiling SyntaxExtensions.swift
[SwiftParserDiagnostics] Compiling DiagnosticExtensions.swift
[SwiftParserDiagnostics] Compiling LexerDiagnosticMessages.swift
[SwiftParserDiagnostics] Compiling ParserDiagnosticMessages.swift
[SwiftParserDiagnostics] Compiling MultiLineStringLiteralDiagnosticsGenerator.swift
[SwiftParserDiagnostics] Compiling PresenceUtils.swift
[SwiftParserDiagnostics] Compiling ParseDiagnosticsGenerator.swift
[SwiftParserDiagnostics] Compiling Utils.swift
[daydetaiilsExtension] Copying GohuFont11NerdFontMono-Regular.ttf
[daydetaiilsExtension] Copy AudioKit_AudioKit.bundle -> AudioKit_AudioKit.bundle
[SwiftSyntaxBuilder] Copy SwiftSyntaxBuilder.modulemap -> SwiftSyntaxBuilder.modulemap
[daydetaiilsExtension] Processing Info.plist
[SwiftSyntaxBuilder] Compiling WithTrailingCommaSyntax+EnsuringTrailingComma.swift
[SwiftSyntaxBuilder] Compiling BuildableNodes.swift
[SwiftSyntaxBuilder] Compiling Indenter.swift
[SwiftSyntaxBuilder] Compiling ListBuilder.swift
[SwiftSyntaxBuilder] Compiling SyntaxParsable+ExpressibleByStringInterpolation.swift
[SwiftSyntaxBuilder] Compiling BuildableNodes.swift
[SwiftSyntaxBuilder] Compiling ConvenienceInitializers.swift
[SwiftSyntaxBuilder] Compiling DeclSyntaxParseable.swift
[SwiftSyntaxBuilder] Compiling SyntaxParsable+ExpressibleByStringInterpolation.swift
[SwiftSyntaxBuilder] Compiling Indenter.swift
[SwiftSyntaxBuilder] Compiling ListBuilder.swift
[SwiftSyntaxBuilder] Compiling ResultBuilders.swift
[SwiftSyntaxBuilder] Copy x86_64-apple-macos.swiftmodule -> SwiftSyntaxBuilder.swiftmodule
[SwiftSyntaxBuilder] Copy x86_64-apple-macos.swiftdoc -> SwiftSyntaxBuilder.swiftdoc
[SwiftSyntaxBuilder] Copy x86_64-apple-macos.abi.json -> SwiftSyntaxBuilder.abi.json
[SwiftSyntaxBuilder] Copy arm64-apple-macos.swiftmodule -> SwiftSyntaxBuilder.swiftmodule
[SwiftSyntaxBuilder] Copy arm64-apple-macos.swiftdoc -> SwiftSyntaxBuilder.swiftdoc
[SwiftSyntaxBuilder] Copy arm64-apple-macos.abi.json -> SwiftSyntaxBuilder.abi.json
[SwiftSyntaxBuilder] Copy x86_64-apple-macos.swiftsourceinfo -> SwiftSyntaxBuilder.swiftsourceinfo
[SwiftSyntaxBuilder] Copy arm64-apple-macos.swiftsourceinfo -> SwiftSyntaxBuilder.swiftsourceinfo
[SwiftSyntaxBuilder] Compiling ValidatingSyntaxNodes.swift
[SwiftSyntaxBuilder] Compiling SyntaxExpressibleByStringInterpolationConformances.swift
[SwiftSyntaxBuilder] Compiling Syntax+StringInterpolation.swift
[SwiftSyntaxBuilder] Compiling SyntaxNodeWithBody.swift
[SwiftSyntaxBuilder] Compiling ConvenienceInitializers.swift
[SwiftSyntaxBuilder] Compiling DeclSyntaxParseable.swift
[SwiftSyntaxBuilder] Compiling RenamedChildrenBuilderCompatibility.swift
[SwiftSyntaxBuilder] Compiling WithTrailingCommaSyntax+EnsuringTrailingComma.swift
[SwiftSyntaxBuilder] Compiling ValidatingSyntaxNodes.swift
[SwiftSyntaxBuilder] Compiling ResultBuilders.swift
[SwiftSyntaxBuilder] Compiling RenamedChildrenBuilderCompatibility.swift
[SwiftSyntaxBuilder] Compiling ResultBuilderExtensions.swift
[SwiftSyntaxBuilder] Compiling SwiftSyntaxBuilderCompatibility.swift
[SwiftSyntaxBuilder] Compiling Syntax+StringInterpolation.swift
[SwiftSyntaxBuilder] Compiling SyntaxNodeWithBody.swift
[SwiftSyntaxBuilder] Compiling SyntaxExpressibleByStringInterpolationConformances.swift
[SwiftSyntaxBuilder] Compiling ResultBuilderExtensions.swift
[SwiftSyntaxBuilder] Compiling SwiftSyntaxBuilderCompatibility.swift
[SwiftSyntaxMacros] Copy SwiftSyntaxMacros.modulemap -> SwiftSyntaxMacros.modulemap
[SwiftSyntaxMacros] Compiling PreambleMacro.swift
[SwiftSyntaxMacros] Compiling CodeItemMacro.swift
[SwiftSyntaxMacros] Compiling DeclarationMacro.swift
[SwiftSyntaxMacros] Compiling AbstractSourceLocation.swift
[SwiftSyntaxMacros] Compiling MacroExpansionContext.swift
[SwiftSyntaxMacros] Compiling FreestandingMacro.swift
[SwiftSyntaxMacros] Compiling Macro+Format.swift
[SwiftSyntaxMacros] Compiling AbstractSourceLocation.swift
[SwiftSyntaxMacros] Compiling MacroExpansionContext.swift
[SwiftSyntaxMacros] Compiling FreestandingMacro.swift
[SwiftSyntaxMacros] Compiling Macro+Format.swift
[SwiftSyntaxMacros] Compiling PreambleMacro.swift
[SwiftSyntaxMacros] Compiling MacroExpansionDiagnosticMessages.swift
[SwiftSyntaxMacros] Compiling AccessorMacro.swift
[SwiftSyntaxMacros] Compiling AttachedMacro.swift
[SwiftSyntaxMacros] Compiling BodyMacro.swift
[SwiftSyntaxMacros] Compiling Syntax+LexicalContext.swift
[SwiftSyntaxMacros] Copy x86_64-apple-macos.swiftmodule -> SwiftSyntaxMacros.swiftmodule
[SwiftSyntaxMacros] Copy x86_64-apple-macos.swiftdoc -> SwiftSyntaxMacros.swiftdoc
[SwiftSyntaxMacros] Copy x86_64-apple-macos.abi.json -> SwiftSyntaxMacros.abi.json
[SwiftSyntaxMacros] Copy arm64-apple-macos.swiftmodule -> SwiftSyntaxMacros.swiftmodule
[SwiftSyntaxMacros] Copy arm64-apple-macos.swiftdoc -> SwiftSyntaxMacros.swiftdoc
[SwiftSyntaxMacros] Copy arm64-apple-macos.abi.json -> SwiftSyntaxMacros.abi.json
[SwiftSyntaxMacros] Copy x86_64-apple-macos.swiftsourceinfo -> SwiftSyntaxMacros.swiftsourceinfo
[SwiftSyntaxMacros] Copy arm64-apple-macos.swiftsourceinfo -> SwiftSyntaxMacros.swiftsourceinfo
[SwiftSyntaxMacros] Compiling Macro.swift
[SwiftSyntaxMacros] Compiling MemberAttributeMacro.swift
[SwiftSyntaxMacros] Compiling CodeItemMacro.swift
[SwiftSyntaxMacros] Compiling DeclarationMacro.swift
[SwiftSyntaxMacros] Compiling ExpressionMacro.swift
[SwiftSyntaxMacros] Compiling ExtensionMacro.swift
[SwiftSyntaxMacros] Compiling MemberMacro.swift
[SwiftSyntaxMacros] Compiling MacroExpansionDiagnosticMessages.swift
[SwiftSyntaxMacros] Compiling AccessorMacro.swift
[SwiftSyntaxMacros] Compiling PeerMacro.swift
[SwiftSyntaxMacros] Compiling PeerMacro.swift
[SwiftSyntaxMacros] Compiling MemberMacro.swift
[SwiftSyntaxMacros] Compiling ExpressionMacro.swift
[SwiftSyntaxMacros] Compiling ExtensionMacro.swift
[SwiftSyntaxMacros] Compiling AttachedMacro.swift
[SwiftSyntaxMacros] Compiling BodyMacro.swift
[SwiftSyntaxMacros] Compiling Syntax+LexicalContext.swift
[SwiftSyntaxMacros] Compiling Macro.swift
[SwiftSyntaxMacros] Compiling MemberAttributeMacro.swift
[SwiftSyntaxMacroExpansion] Copy SwiftSyntaxMacroExpansion.modulemap -> SwiftSyntaxMacroExpansion.modulemap
[SwiftSyntaxMacroExpansion] Compiling MacroSpec.swift
[SwiftSyntaxMacroExpansion] Compiling MacroExpansion.swift
[SwiftSyntaxMacroExpansion] Compiling MacroSystem.swift
[SwiftSyntaxMacroExpansion] Compiling MacroExpansionDiagnosticMessages.swift
[SwiftSyntaxMacroExpansion] Compiling IndentationUtils.swift
[SwiftSyntaxMacroExpansion] Compiling IndentationUtils.swift
[SwiftSyntaxMacroExpansion] Compiling MacroReplacement.swift
[SwiftSyntaxMacroExpansion] Compiling FunctionParameterUtils.swift
[SwiftSyntaxMacroExpansion] Compiling MacroExpansionDiagnosticMessages.swift
[SwiftSyntaxMacroExpansion] Compiling BasicMacroExpansionContext.swift
[SwiftSyntaxMacroExpansion] Compiling MacroArgument.swift
[SwiftSyntaxMacroExpansion] Copy x86_64-apple-macos.swiftmodule -> SwiftSyntaxMacroExpansion.swiftmodule
[SwiftSyntaxMacroExpansion] Copy x86_64-apple-macos.swiftdoc -> SwiftSyntaxMacroExpansion.swiftdoc
[SwiftSyntaxMacroExpansion] Copy x86_64-apple-macos.abi.json -> SwiftSyntaxMacroExpansion.abi.json
[SwiftSyntaxMacroExpansion] Copy arm64-apple-macos.swiftmodule -> SwiftSyntaxMacroExpansion.swiftmodule
[SwiftSyntaxMacroExpansion] Copy arm64-apple-macos.swiftdoc -> SwiftSyntaxMacroExpansion.swiftdoc
[SwiftSyntaxMacroExpansion] Copy arm64-apple-macos.abi.json -> SwiftSyntaxMacroExpansion.abi.json
[SwiftSyntaxMacroExpansion] Copy x86_64-apple-macos.swiftsourceinfo -> SwiftSyntaxMacroExpansion.swiftsourceinfo
[SwiftSyntaxMacroExpansion] Copy arm64-apple-macos.swiftsourceinfo -> SwiftSyntaxMacroExpansion.swiftsourceinfo
[SwiftSyntaxMacroExpansion] Compiling MacroArgument.swift
[SwiftSyntaxMacroExpansion] Compiling MacroSpec.swift
[SwiftSyntaxMacroExpansion] Compiling MacroExpansion.swift
[SwiftSyntaxMacroExpansion] Compiling MacroSystem.swift
[SwiftSyntaxMacroExpansion] Compiling BasicMacroExpansionContext.swift
[SwiftSyntaxMacroExpansion] Compiling FunctionParameterUtils.swift
[SwiftSyntaxMacroExpansion] Compiling MacroReplacement.swift
[SwiftSyntax] Linking SwiftSyntax.o
[SwiftCompilerPluginMessageHandling] Copy SwiftCompilerPluginMessageHandling.modulemap -> SwiftCompilerPluginMessageHandling.modulemap
[SwiftCompilerPluginMessageHandling] Compiling StandardIOMessageConnection.swift
[SwiftCompilerPluginMessageHandling] Compiling PluginMessages.swift
[SwiftCompilerPluginMessageHandling] Compiling LRUCache.swift
[SwiftCompilerPluginMessageHandling] Compiling PluginMacroExpansionContext.swift
[SwiftCompilerPluginMessageHandling] Compiling PluginMessageCompatibility.swift
[daydetaiilsExtension] Copy arm64-apple-ios-simulator.swiftmodule -> daydetaiilsExtension.swiftmodule
[daydetaiilsExtension] Copy arm64-apple-ios-simulator.swiftdoc -> daydetaiilsExtension.swiftdoc
[daydetaiilsExtension] Copy arm64-apple-ios-simulator.abi.json -> daydetaiilsExtension.abi.json
[daydetaiilsExtension] Copy arm64-apple-ios-simulator.swiftsourceinfo -> daydetaiilsExtension.swiftsourceinfo
[SwiftCompilerPluginMessageHandling] Compiling JSONDecoding.swift
[SwiftCompilerPluginMessageHandling] Compiling PluginMessageCompatibility.swift
[SwiftCompilerPluginMessageHandling] Compiling PluginMacroExpansionContext.swift
[SwiftCompilerPluginMessageHandling] Compiling StandardIOMessageConnection.swift
[SwiftCompilerPluginMessageHandling] Compiling LRUCache.swift
[SwiftCompilerPluginMessageHandling] Compiling JSONEncoding.swift
[SwiftCompilerPluginMessageHandling] Compiling PluginMessages.swift
[SwiftCompilerPluginMessageHandling] Compiling CodingUtilities.swift
[SwiftCompilerPluginMessageHandling] Compiling JSONDecoding.swift
[SwiftCompilerPluginMessageHandling] Compiling JSON.swift
[SwiftCompilerPluginMessageHandling] Copy x86_64-apple-macos.swiftmodule -> SwiftCompilerPluginMessageHandling.swiftmodule
[SwiftCompilerPluginMessageHandling] Copy x86_64-apple-macos.swiftdoc -> SwiftCompilerPluginMessageHandling.swiftdoc
[SwiftCompilerPluginMessageHandling] Copy x86_64-apple-macos.abi.json -> SwiftCompilerPluginMessageHandling.abi.json
[SwiftCompilerPluginMessageHandling] Copy arm64-apple-macos.swiftmodule -> SwiftCompilerPluginMessageHandling.swiftmodule
[SwiftCompilerPluginMessageHandling] Copy arm64-apple-macos.swiftdoc -> SwiftCompilerPluginMessageHandling.swiftdoc
[SwiftCompilerPluginMessageHandling] Copy arm64-apple-macos.abi.json -> SwiftCompilerPluginMessageHandling.abi.json
[SwiftCompilerPluginMessageHandling] Copy x86_64-apple-macos.swiftsourceinfo -> SwiftCompilerPluginMessageHandling.swiftsourceinfo
[SwiftCompilerPluginMessageHandling] Copy arm64-apple-macos.swiftsourceinfo -> SwiftCompilerPluginMessageHandling.swiftsourceinfo
[SwiftCompilerPluginMessageHandling] Compiling CompilerPluginMessageHandler.swift
[SwiftCompilerPluginMessageHandling] Compiling Diagnostics.swift
[SwiftCompilerPluginMessageHandling] Compiling CodingUtilities.swift
[SwiftCompilerPluginMessageHandling] Compiling Macros.swift
[SwiftCompilerPluginMessageHandling] Compiling Macros.swift
[SwiftCompilerPluginMessageHandling] Compiling JSON.swift
[SwiftCompilerPluginMessageHandling] Compiling CompilerPluginMessageHandler.swift
[SwiftCompilerPluginMessageHandling] Compiling Diagnostics.swift
[SwiftCompilerPluginMessageHandling] Compiling JSONEncoding.swift
[SwiftCompilerPlugin] Copy SwiftCompilerPlugin.modulemap -> SwiftCompilerPlugin.modulemap
[SwiftCompilerPlugin] Compiling CompilerPlugin.swift
[SwiftCompilerPlugin] Compiling CompilerPlugin.swift
[SwiftCompilerPlugin] Compiling CompilerPlugin.swift
[SwiftCompilerPlugin] Compiling CompilerPlugin.swift
[SwiftCompilerPlugin] Copy arm64-apple-macos.swiftmodule -> SwiftCompilerPlugin.swiftmodule
[SwiftCompilerPlugin] Copy x86_64-apple-macos.swiftmodule -> SwiftCompilerPlugin.swiftmodule
[SwiftCompilerPlugin] Copy x86_64-apple-macos.swiftdoc -> SwiftCompilerPlugin.swiftdoc
[SwiftCompilerPlugin] Copy x86_64-apple-macos.abi.json -> SwiftCompilerPlugin.abi.json
[SwiftCompilerPlugin] Copy arm64-apple-macos.swiftdoc -> SwiftCompilerPlugin.swiftdoc
[SwiftCompilerPlugin] Copy arm64-apple-macos.abi.json -> SwiftCompilerPlugin.abi.json
[SwiftCompilerPlugin] Copy x86_64-apple-macos.swiftsourceinfo -> SwiftCompilerPlugin.swiftsourceinfo
[SwiftCompilerPlugin] Copy arm64-apple-macos.swiftsourceinfo -> SwiftCompilerPlugin.swiftsourceinfo
Signing daydetaiilsExtension.debug.dylib (in target 'daydetaiilsExtension' from project 'wispr')
Signing __preview.dylib (in target 'daydetaiilsExtension' from project 'wispr')
Signing daydetaiilsExtension.appex (in target 'daydetaiilsExtension' from project 'wispr')
[daydetaiilsExtension] Touching daydetaiilsExtension.appex
[SwiftSyntax] Linking SwiftSyntax.o
[SwiftDiagnostics] Linking SwiftDiagnostics.o
[SwiftDiagnostics] Linking SwiftDiagnostics.o
[SwiftParser] Linking SwiftParser.o
[SwiftParser] Linking SwiftParser.o
[SwiftBasicFormat] Linking SwiftBasicFormat.o
[SwiftBasicFormat] Linking SwiftBasicFormat.o
[SwiftOperators] Linking SwiftOperators.o
[SwiftParserDiagnostics] Linking SwiftParserDiagnostics.o
[SwiftParserDiagnostics] Linking SwiftParserDiagnostics.o
[SwiftOperators] Linking SwiftOperators.o
[SwiftSyntaxBuilder] Linking SwiftSyntaxBuilder.o
[SwiftSyntaxBuilder] Linking SwiftSyntaxBuilder.o
[SwiftSyntaxMacros] Linking SwiftSyntaxMacros.o
[SwiftSyntaxMacros] Linking SwiftSyntaxMacros.o
[SwiftSyntaxMacroExpansion] Linking SwiftSyntaxMacroExpansion.o
[SwiftSyntaxMacroExpansion] Linking SwiftSyntaxMacroExpansion.o
[SwiftCompilerPluginMessageHandling] Linking SwiftCompilerPluginMessageHandling.o
[SwiftCompilerPluginMessageHandling] Linking SwiftCompilerPluginMessageHandling.o
[SwiftCompilerPlugin] Linking SwiftCompilerPlugin.o
[SwiftCompilerPlugin] Linking SwiftCompilerPlugin.o
[FormulaMacros] Write Auxiliary File FormulaMacros.DependencyMetadataFileList
[FormulaMacros] Write Auxiliary File FormulaMacros-OutputFileMap.json
[FormulaMacros] Write Auxiliary File FormulaMacros.SwiftFileList
[FormulaMacros] Write Auxiliary File FormulaMacros_const_extract_protocols.json
[FormulaMacros] Write Auxiliary File FormulaMacros.LinkFileList
[FormulaMacros] Compiling FormulaMacro.swift
[!]  /Users/faisalalalaiwat/punk.systems/code/swift/Formula/Sources/FormulaMacros/FormulaMacro.swift:69:83: 'as' is deprecated: This cast will always succeed
            guard let binding = member.decl.as(VariableDeclSyntax.self)?.bindings.as( PatternBindingListSyntax.self)?.first,
                                                                                  ^
[!]  /Users/faisalalalaiwat/punk.systems/code/swift/Formula/Sources/FormulaMacros/FormulaMacro.swift:73:54: 'as' is deprecated: This cast will always succeed
                  let type = binding.typeAnnotation?.as(
                                                     ^
[FormulaMacros] Compiling FormulaMacro.swift
[FormulaMacros] Copy arm64-apple-macos.abi.json -> FormulaMacros.abi.json
[FormulaMacros] Copy arm64-apple-macos.swiftmodule -> FormulaMacros.swiftmodule
[FormulaMacros] Copy arm64-apple-macos.swiftdoc -> FormulaMacros.swiftdoc
[FormulaMacros] Copy arm64-apple-macos.swiftsourceinfo -> FormulaMacros.swiftsourceinfo
[Formula] Copy Formula.modulemap -> Formula.modulemap
[Formula] Compiling Formula.swift
[Formula] Compiling Formula.swift
[Formula] Copy arm64-apple-ios-simulator.swiftdoc -> Formula.swiftdoc
[Formula] Copy arm64-apple-ios-simulator.swiftmodule -> Formula.swiftmodule
[Formula] Copy arm64-apple-ios-simulator.abi.json -> Formula.abi.json
[Formula] Copy arm64-apple-ios-simulator.swiftsourceinfo -> Formula.swiftsourceinfo
[wispr] Copying buildServer.json
[wispr] Copying tiny.bin
[wispr] Copying GohuFontuni14NerdFontPropo-Regular.ttf
[wispr] Copying README.md
[wispr] Copying tiny-encoder.mlmodelc
[wispr] Copying GohuFontuni14NerdFont-Regular.ttf
[wispr] Copying GohuFontuni14NerdFontMono-Regular.ttf
[wispr] Copying GohuFontuni11NerdFontPropo-Regular.ttf
[wispr] Copying GohuFontuni11NerdFontMono-Regular.ttf
[wispr] Copying GohuFontuni11NerdFont-Regular.ttf
[wispr] Copying GohuFont14NerdFontPropo-Regular.ttf
[wispr] Copying GohuFont14NerdFontMono-Regular.ttf
[wispr] Copying GohuFont14NerdFont-Regular.ttf
[wispr] Copying GohuFont11NerdFontPropo-Regular.ttf
[wispr] Copying GohuFont11NerdFontMono-Regular.ttf
[wispr] Copying GohuFont11NerdFont-Regular.ttf
[wispr] Copying COPYING-LICENSE
[wispr] Copy AudioKit_AudioKit.bundle -> AudioKit_AudioKit.bundle
[wispr] Compiling Util.swift
[wispr] Compiling ContentView.swift
[wispr] Compiling daydetaiils.swift
[wispr] Compiling ItemSamples.swift
[wispr] Compiling SharedContainer.swift
[wispr] Compiling GeneratedAssetSymbols.swift
[wispr] Compiling TimeLine.swift
[wispr] Compiling wisprApp.swift
[wispr] Compiling Day.swift
[x] /Users/faisalalalaiwat/punk.systems/code/swift/wispr/daydetaiils/daydetaiils.swift:42:24: cannot find type 'ConfigurationAppIntent' in scope
    let configuration: ConfigurationAppIntent
                       ^~~~~~~~~~~~~~~~~~~~~~
[x] /Users/faisalalalaiwat/punk.systems/code/swift/wispr/daydetaiils/daydetaiils.swift:297:24: cannot infer contextual base in reference to member 'now'
    SimpleEntry(date: .now, configuration: .smiley)
                      ~^~~
[x] /Users/faisalalalaiwat/punk.systems/code/swift/wispr/daydetaiils/daydetaiils.swift:297:45: cannot infer contextual base in reference to member 'smiley'
    SimpleEntry(date: .now, configuration: .smiley)
                                           ~^~~~~~
[wispr] Compiling Item.swift
[!] Skipping duplicate build file in Compile Sources build phase: /Users/faisalalalaiwat/punk.systems/code/swift/wispr/wispr/Util.swift (in target 'wispr' from project 'wispr')
[!] Skipping duplicate build file in Compile Sources build phase: /Users/faisalalalaiwat/punk.systems/code/swift/wispr/wispr/TimeLine.swift (in target 'wispr' from project 'wispr')
[!] Skipping duplicate build file in Compile Sources build phase: /Users/faisalalalaiwat/punk.systems/code/swift/wispr/daydetaiils/daydetaiils.swift (in target 'daydetaiilsExtension' from project 'wispr')

-----------------------------
-- xcodebuild.nvim summary --
-----------------------------

Errors:
  ✖ /Users/faisalalalaiwat/punk.systems/code/swift/wispr/daydetaiils/daydetaiils.swift:42:24
    cannot find type 'ConfigurationAppIntent' in scope
        let configuration: ConfigurationAppIntent
                           ^~~~~~~~~~~~~~~~~~~~~~
  ✖ /Users/faisalalalaiwat/punk.systems/code/swift/wispr/daydetaiils/daydetaiils.swift:297:24
    cannot infer contextual base in reference to member 'now'
        SimpleEntry(date: .now, configuration: .smiley)
                          ~^~~
  ✖ /Users/faisalalalaiwat/punk.systems/code/swift/wispr/daydetaiils/daydetaiils.swift:297:45
    cannot infer contextual base in reference to member 'smiley'
        SimpleEntry(date: .now, configuration: .smiley)
                                               ~^~~~~~

  Build Failed

